2020-03-09 12:29:20,925 [restartedMain] INFO  org.springframework.web.context.ContextLoader 284 - Root WebApplicationContext: initialization completed in 440 ms
2020-03-09 12:29:21,055 [restartedMain] INFO  org.hibernate.jpa.internal.util.LogHelper 31 - HHH000204: Processing PersistenceUnitInfo [name: default]
2020-03-09 12:29:21,059 [restartedMain] INFO  com.zaxxer.hikari.HikariDataSource 110 - HikariPool-2 - Starting...
2020-03-09 12:29:21,069 [restartedMain] INFO  com.zaxxer.hikari.HikariDataSource 123 - HikariPool-2 - Start completed.
2020-03-09 12:29:21,070 [restartedMain] INFO  org.hibernate.dialect.Dialect 172 - HHH000400: Using dialect: org.hibernate.dialect.MySQL8Dialect
2020-03-09 12:29:21,274 [restartedMain] INFO  org.hibernate.engine.transaction.jta.platform.internal.JtaPlatformInitiator 52 - HHH000490: Using JtaPlatform implementation: [org.hibernate.engine.transaction.jta.platform.internal.NoJtaPlatform]
2020-03-09 12:29:21,275 [restartedMain] INFO  org.springframework.orm.jpa.LocalContainerEntityManagerFactoryBean 416 - Initialized JPA EntityManagerFactory for persistence unit 'default'
2020-03-09 12:29:21,348 [restartedMain] WARN  org.springframework.boot.autoconfigure.orm.jpa.JpaBaseConfiguration$JpaWebConfiguration 220 - spring.jpa.open-in-view is enabled by default. Therefore, database queries may be performed during view rendering. Explicitly configure spring.jpa.open-in-view to disable this warning
2020-03-09 12:29:21,396 [restartedMain] INFO  org.springframework.boot.devtools.autoconfigure.OptionalLiveReloadServer 58 - LiveReload server is running on port 35729
2020-03-09 12:29:21,556 [restartedMain] INFO  org.springframework.security.web.DefaultSecurityFilterChain 43 - Creating filter chain: any request, [org.springframework.security.web.context.request.async.WebAsyncManagerIntegrationFilter@7fa75e1d, org.springframework.security.web.context.SecurityContextPersistenceFilter@12a980c7, org.springframework.security.web.header.HeaderWriterFilter@4acf72fa, org.springframework.web.filter.CorsFilter@20a56fb3, org.springframework.security.web.authentication.logout.LogoutFilter@3720053, com.darwin.config.JwtRequestFilter@3681671c, org.springframework.security.web.savedrequest.RequestCacheAwareFilter@3441923a, org.springframework.security.web.servletapi.SecurityContextHolderAwareRequestFilter@5a86eea, org.springframework.security.web.authentication.AnonymousAuthenticationFilter@55ab3b87, org.springframework.security.web.session.SessionManagementFilter@30fd11c2, org.springframework.security.web.access.ExceptionTranslationFilter@4dbd6e76, org.springframework.security.web.access.intercept.FilterSecurityInterceptor@736e9269]
2020-03-09 12:29:21,624 [restartedMain] INFO  org.springframework.scheduling.concurrent.ThreadPoolTaskExecutor 171 - Initializing ExecutorService 'applicationTaskExecutor'
2020-03-09 12:29:21,740 [restartedMain] INFO  org.springframework.boot.actuate.endpoint.web.EndpointLinksResolver 58 - Exposing 2 endpoint(s) beneath base path '/actuator'
2020-03-09 12:29:21,767 [restartedMain] INFO  org.apache.coyote.http11.Http11NioProtocol 173 - Starting ProtocolHandler ["http-nio-8080"]
2020-03-09 12:29:21,770 [restartedMain] INFO  org.springframework.boot.web.embedded.tomcat.TomcatWebServer 204 - Tomcat started on port(s): 8080 (http) with context path ''
2020-03-09 12:29:21,771 [restartedMain] INFO  com.darwin.VotingSystemApplication 61 - Started VotingSystemApplication in 1.318 seconds (JVM running for 4266.438)
2020-03-09 12:29:21,773 [restartedMain] INFO  org.springframework.boot.devtools.autoconfigure.ConditionEvaluationDeltaLoggingListener 63 - Condition evaluation unchanged
2020-03-09 12:29:43,319 [Thread-9] INFO  org.springframework.scheduling.concurrent.ThreadPoolTaskExecutor 208 - Shutting down ExecutorService 'applicationTaskExecutor'
2020-03-09 12:29:43,321 [Thread-9] INFO  org.springframework.orm.jpa.LocalContainerEntityManagerFactoryBean 598 - Closing JPA EntityManagerFactory for persistence unit 'default'
2020-03-09 12:29:43,322 [Thread-9] INFO  com.zaxxer.hikari.HikariDataSource 350 - HikariPool-2 - Shutdown initiated...
2020-03-09 12:29:43,325 [Thread-9] INFO  com.zaxxer.hikari.HikariDataSource 352 - HikariPool-2 - Shutdown completed.
2020-03-09 12:29:43,741 [restartedMain] INFO  com.darwin.VotingSystemApplication 55 - Starting VotingSystemApplication on LAPTOP-1BIGBJBB with PID 18312 (D:\Users\darwi\sts-workspace\VotingSystem\target\classes started by darwi in D:\Users\darwi\sts-workspace\VotingSystem)
2020-03-09 12:29:43,741 [restartedMain] INFO  com.darwin.VotingSystemApplication 651 - No active profile set, falling back to default profiles: default
2020-03-09 12:29:43,951 [restartedMain] INFO  org.springframework.data.repository.config.RepositoryConfigurationDelegate 127 - Bootstrapping Spring Data JPA repositories in DEFAULT mode.
2020-03-09 12:29:43,970 [restartedMain] INFO  org.springframework.data.repository.config.RepositoryConfigurationDelegate 187 - Finished Spring Data repository scanning in 18ms. Found 9 JPA repository interfaces.
2020-03-09 12:29:44,012 [restartedMain] INFO  org.springframework.context.support.PostProcessorRegistrationDelegate$BeanPostProcessorChecker 330 - Bean 'org.springframework.transaction.annotation.ProxyTransactionManagementConfiguration' of type [org.springframework.transaction.annotation.ProxyTransactionManagementConfiguration] is not eligible for getting processed by all BeanPostProcessors (for example: not eligible for auto-proxying)
2020-03-09 12:29:44,015 [restartedMain] INFO  org.springframework.context.support.PostProcessorRegistrationDelegate$BeanPostProcessorChecker 330 - Bean 'org.springframework.security.config.annotation.configuration.ObjectPostProcessorConfiguration' of type [org.springframework.security.config.annotation.configuration.ObjectPostProcessorConfiguration] is not eligible for getting processed by all BeanPostProcessors (for example: not eligible for auto-proxying)
2020-03-09 12:29:44,016 [restartedMain] INFO  org.springframework.context.support.PostProcessorRegistrationDelegate$BeanPostProcessorChecker 330 - Bean 'objectPostProcessor' of type [org.springframework.security.config.annotation.configuration.AutowireBeanFactoryObjectPostProcessor] is not eligible for getting processed by all BeanPostProcessors (for example: not eligible for auto-proxying)
2020-03-09 12:29:44,017 [restartedMain] INFO  org.springframework.context.support.PostProcessorRegistrationDelegate$BeanPostProcessorChecker 330 - Bean 'org.springframework.security.access.expression.method.DefaultMethodSecurityExpressionHandler@380339a2' of type [org.springframework.security.access.expression.method.DefaultMethodSecurityExpressionHandler] is not eligible for getting processed by all BeanPostProcessors (for example: not eligible for auto-proxying)
2020-03-09 12:29:44,017 [restartedMain] INFO  org.springframework.context.support.PostProcessorRegistrationDelegate$BeanPostProcessorChecker 330 - Bean 'org.springframework.security.config.annotation.method.configuration.GlobalMethodSecurityConfiguration' of type [org.springframework.security.config.annotation.method.configuration.GlobalMethodSecurityConfiguration] is not eligible for getting processed by all BeanPostProcessors (for example: not eligible for auto-proxying)
2020-03-09 12:29:44,017 [restartedMain] INFO  org.springframework.context.support.PostProcessorRegistrationDelegate$BeanPostProcessorChecker 330 - Bean 'methodSecurityMetadataSource' of type [org.springframework.security.access.method.DelegatingMethodSecurityMetadataSource] is not eligible for getting processed by all BeanPostProcessors (for example: not eligible for auto-proxying)
2020-03-09 12:29:44,118 [restartedMain] INFO  org.springframework.boot.web.embedded.tomcat.TomcatWebServer 92 - Tomcat initialized with port(s): 8080 (http)
2020-03-09 12:29:44,119 [restartedMain] INFO  org.apache.coyote.http11.Http11NioProtocol 173 - Initializing ProtocolHandler ["http-nio-8080"]
2020-03-09 12:29:44,119 [restartedMain] INFO  org.apache.catalina.core.StandardService 173 - Starting service [Tomcat]
2020-03-09 12:29:44,119 [restartedMain] INFO  org.apache.catalina.core.StandardEngine 173 - Starting Servlet engine: [Apache Tomcat/9.0.30]
2020-03-09 12:29:44,134 [restartedMain] INFO  org.apache.catalina.core.ContainerBase.[Tomcat].[localhost].[/] 173 - Initializing Spring embedded WebApplicationContext
