2020-03-09 13:15:49,911 [http-nio-8080-exec-1] INFO  com.darwin.controller.AdminController 95 - Someone Get Admin
2020-03-09 13:16:41,061 [http-nio-8080-exec-3] INFO  com.darwin.controller.AdminController 95 - Someone Get Admin
2020-03-09 13:17:25,556 [http-nio-8080-exec-5] INFO  com.darwin.controller.AdminController 95 - Someone Get Admin
2020-03-09 13:17:28,092 [http-nio-8080-exec-6] INFO  com.darwin.controller.AdminController 95 - Someone Get Admin
2020-03-09 13:18:16,371 [http-nio-8080-exec-8] INFO  com.darwin.controller.AdminController 95 - Someone Get Admin
2020-03-09 13:18:19,591 [http-nio-8080-exec-9] INFO  com.darwin.controller.AdminController 95 - Someone Get Admin
2020-03-09 13:19:49,190 [http-nio-8080-exec-2] INFO  com.darwin.controller.AdminController 95 - Someone Get Admin
2020-03-09 13:20:33,497 [http-nio-8080-exec-4] INFO  com.darwin.controller.AdminController 95 - Someone Get Admin
2020-03-09 13:20:42,264 [http-nio-8080-exec-6] INFO  com.darwin.controller.AdminController 95 - Someone Get Admin
2020-03-09 13:22:02,798 [Thread-14] INFO  org.springframework.scheduling.concurrent.ThreadPoolTaskExecutor 208 - Shutting down ExecutorService 'applicationTaskExecutor'
2020-03-09 13:22:02,801 [Thread-14] INFO  org.springframework.orm.jpa.LocalContainerEntityManagerFactoryBean 598 - Closing JPA EntityManagerFactory for persistence unit 'default'
2020-03-09 13:22:02,803 [Thread-14] INFO  com.zaxxer.hikari.HikariDataSource 350 - HikariPool-3 - Shutdown initiated...
2020-03-09 13:22:02,811 [Thread-14] INFO  com.zaxxer.hikari.HikariDataSource 352 - HikariPool-3 - Shutdown completed.
2020-03-09 13:22:03,364 [restartedMain] INFO  com.darwin.VotingSystemApplication 55 - Starting VotingSystemApplication on LAPTOP-1BIGBJBB with PID 18312 (D:\Users\darwi\sts-workspace\VotingSystem\target\classes started by darwi in D:\Users\darwi\sts-workspace\VotingSystem)
2020-03-09 13:22:03,365 [restartedMain] INFO  com.darwin.VotingSystemApplication 651 - No active profile set, falling back to default profiles: default
2020-03-09 13:22:03,577 [restartedMain] INFO  org.springframework.data.repository.config.RepositoryConfigurationDelegate 127 - Bootstrapping Spring Data JPA repositories in DEFAULT mode.
2020-03-09 13:22:03,597 [restartedMain] INFO  org.springframework.data.repository.config.RepositoryConfigurationDelegate 187 - Finished Spring Data repository scanning in 20ms. Found 9 JPA repository interfaces.
2020-03-09 13:22:03,642 [restartedMain] INFO  org.springframework.context.support.PostProcessorRegistrationDelegate$BeanPostProcessorChecker 330 - Bean 'org.springframework.transaction.annotation.ProxyTransactionManagementConfiguration' of type [org.springframework.transaction.annotation.ProxyTransactionManagementConfiguration] is not eligible for getting processed by all BeanPostProcessors (for example: not eligible for auto-proxying)
2020-03-09 13:22:03,646 [restartedMain] INFO  org.springframework.context.support.PostProcessorRegistrationDelegate$BeanPostProcessorChecker 330 - Bean 'org.springframework.security.config.annotation.configuration.ObjectPostProcessorConfiguration' of type [org.springframework.security.config.annotation.configuration.ObjectPostProcessorConfiguration] is not eligible for getting processed by all BeanPostProcessors (for example: not eligible for auto-proxying)
2020-03-09 13:22:03,648 [restartedMain] INFO  org.springframework.context.support.PostProcessorRegistrationDelegate$BeanPostProcessorChecker 330 - Bean 'objectPostProcessor' of type [org.springframework.security.config.annotation.configuration.AutowireBeanFactoryObjectPostProcessor] is not eligible for getting processed by all BeanPostProcessors (for example: not eligible for auto-proxying)
2020-03-09 13:22:03,648 [restartedMain] INFO  org.springframework.context.support.PostProcessorRegistrationDelegate$BeanPostProcessorChecker 330 - Bean 'org.springframework.security.access.expression.method.DefaultMethodSecurityExpressionHandler@7c3889b0' of type [org.springframework.security.access.expression.method.DefaultMethodSecurityExpressionHandler] is not eligible for getting processed by all BeanPostProcessors (for example: not eligible for auto-proxying)
2020-03-09 13:22:03,648 [restartedMain] INFO  org.springframework.context.support.PostProcessorRegistrationDelegate$BeanPostProcessorChecker 330 - Bean 'org.springframework.security.config.annotation.method.configuration.GlobalMethodSecurityConfiguration' of type [org.springframework.security.config.annotation.method.configuration.GlobalMethodSecurityConfiguration] is not eligible for getting processed by all BeanPostProcessors (for example: not eligible for auto-proxying)
2020-03-09 13:22:03,649 [restartedMain] INFO  org.springframework.context.support.PostProcessorRegistrationDelegate$BeanPostProcessorChecker 330 - Bean 'methodSecurityMetadataSource' of type [org.springframework.security.access.method.DelegatingMethodSecurityMetadataSource] is not eligible for getting processed by all BeanPostProcessors (for example: not eligible for auto-proxying)
2020-03-09 13:22:03,752 [restartedMain] INFO  org.springframework.boot.web.embedded.tomcat.TomcatWebServer 92 - Tomcat initialized with port(s): 8080 (http)
2020-03-09 13:22:03,752 [restartedMain] INFO  org.apache.coyote.http11.Http11NioProtocol 173 - Initializing ProtocolHandler ["http-nio-8080"]
2020-03-09 13:22:03,752 [restartedMain] INFO  org.apache.catalina.core.StandardService 173 - Starting service [Tomcat]
2020-03-09 13:22:03,752 [restartedMain] INFO  org.apache.catalina.core.StandardEngine 173 - Starting Servlet engine: [Apache Tomcat/9.0.30]
2020-03-09 13:22:03,767 [restartedMain] INFO  org.apache.catalina.core.ContainerBase.[Tomcat].[localhost].[/] 173 - Initializing Spring embedded WebApplicationContext
