2020-03-09 12:29:44,134 [restartedMain] INFO  org.springframework.web.context.ContextLoader 284 - Root WebApplicationContext: initialization completed in 390 ms
2020-03-09 12:29:44,229 [restartedMain] INFO  org.hibernate.jpa.internal.util.LogHelper 31 - HHH000204: Processing PersistenceUnitInfo [name: default]
2020-03-09 12:29:44,232 [restartedMain] INFO  com.zaxxer.hikari.HikariDataSource 110 - HikariPool-3 - Starting...
2020-03-09 12:29:44,241 [restartedMain] INFO  com.zaxxer.hikari.HikariDataSource 123 - HikariPool-3 - Start completed.
2020-03-09 12:29:44,241 [restartedMain] INFO  org.hibernate.dialect.Dialect 172 - HHH000400: Using dialect: org.hibernate.dialect.MySQL8Dialect
2020-03-09 12:29:44,388 [restartedMain] INFO  org.hibernate.engine.transaction.jta.platform.internal.JtaPlatformInitiator 52 - HHH000490: Using JtaPlatform implementation: [org.hibernate.engine.transaction.jta.platform.internal.NoJtaPlatform]
2020-03-09 12:29:44,389 [restartedMain] INFO  org.springframework.orm.jpa.LocalContainerEntityManagerFactoryBean 416 - Initialized JPA EntityManagerFactory for persistence unit 'default'
2020-03-09 12:29:44,453 [restartedMain] WARN  org.springframework.boot.autoconfigure.orm.jpa.JpaBaseConfiguration$JpaWebConfiguration 220 - spring.jpa.open-in-view is enabled by default. Therefore, database queries may be performed during view rendering. Explicitly configure spring.jpa.open-in-view to disable this warning
2020-03-09 12:29:44,496 [restartedMain] INFO  org.springframework.boot.devtools.autoconfigure.OptionalLiveReloadServer 58 - LiveReload server is running on port 35729
2020-03-09 12:29:44,655 [restartedMain] INFO  org.springframework.security.web.DefaultSecurityFilterChain 43 - Creating filter chain: any request, [org.springframework.security.web.context.request.async.WebAsyncManagerIntegrationFilter@4486df57, org.springframework.security.web.context.SecurityContextPersistenceFilter@760125ba, org.springframework.security.web.header.HeaderWriterFilter@542d5c5d, org.springframework.web.filter.CorsFilter@3a17c9c1, org.springframework.security.web.authentication.logout.LogoutFilter@57c91492, com.darwin.config.JwtRequestFilter@16f582e7, org.springframework.security.web.savedrequest.RequestCacheAwareFilter@14560eb4, org.springframework.security.web.servletapi.SecurityContextHolderAwareRequestFilter@2a2767d7, org.springframework.security.web.authentication.AnonymousAuthenticationFilter@2c3d6a33, org.springframework.security.web.session.SessionManagementFilter@28954548, org.springframework.security.web.access.ExceptionTranslationFilter@79b370ce, org.springframework.security.web.access.intercept.FilterSecurityInterceptor@7ee6e0e2]
2020-03-09 12:29:44,704 [restartedMain] INFO  org.springframework.scheduling.concurrent.ThreadPoolTaskExecutor 171 - Initializing ExecutorService 'applicationTaskExecutor'
2020-03-09 12:29:44,817 [restartedMain] INFO  org.springframework.boot.actuate.endpoint.web.EndpointLinksResolver 58 - Exposing 2 endpoint(s) beneath base path '/actuator'
2020-03-09 12:29:44,843 [restartedMain] INFO  org.apache.coyote.http11.Http11NioProtocol 173 - Starting ProtocolHandler ["http-nio-8080"]
2020-03-09 12:29:44,846 [restartedMain] INFO  org.springframework.boot.web.embedded.tomcat.TomcatWebServer 204 - Tomcat started on port(s): 8080 (http) with context path ''
2020-03-09 12:29:44,847 [restartedMain] INFO  com.darwin.VotingSystemApplication 61 - Started VotingSystemApplication in 1.128 seconds (JVM running for 4289.514)
2020-03-09 12:29:44,849 [restartedMain] INFO  org.springframework.boot.devtools.autoconfigure.ConditionEvaluationDeltaLoggingListener 63 - Condition evaluation unchanged
2020-03-09 13:10:46,931 [http-nio-8080-exec-1] INFO  org.apache.catalina.core.ContainerBase.[Tomcat].[localhost].[/] 173 - Initializing Spring DispatcherServlet 'dispatcherServlet'
2020-03-09 13:10:46,932 [http-nio-8080-exec-1] INFO  org.springframework.web.servlet.DispatcherServlet 525 - Initializing Servlet 'dispatcherServlet'
2020-03-09 13:10:46,940 [http-nio-8080-exec-1] INFO  org.springframework.web.servlet.DispatcherServlet 547 - Completed initialization in 8 ms
2020-03-09 13:10:46,976 [http-nio-8080-exec-2] WARN  com.darwin.config.JwtRequestFilter 50 - JWT Token does not begin with Bearer String
2020-03-09 13:11:14,360 [http-nio-8080-exec-4] INFO  com.darwin.controller.AdminController 95 - Someone Get Admin
2020-03-09 13:12:31,885 [http-nio-8080-exec-7] INFO  com.darwin.controller.AdminController 95 - Someone Get Admin
2020-03-09 13:13:34,091 [http-nio-8080-exec-10] INFO  com.darwin.controller.AdminController 95 - Someone Get Admin
2020-03-09 13:14:08,952 [http-nio-8080-exec-2] INFO  com.darwin.controller.AdminController 95 - Someone Get Admin
2020-03-09 13:14:53,343 [http-nio-8080-exec-4] INFO  com.darwin.controller.AdminController 95 - Someone Get Admin
2020-03-09 13:15:08,086 [http-nio-8080-exec-6] INFO  com.darwin.controller.AdminController 95 - Someone Get Admin
2020-03-09 13:15:35,532 [http-nio-8080-exec-8] INFO  com.darwin.controller.AdminController 95 - Someone Get Admin
2020-03-09 13:15:37,444 [http-nio-8080-exec-9] INFO  com.darwin.controller.AdminController 95 - Someone Get Admin
