2020-03-09 13:25:03,362 [restartedMain] INFO  org.springframework.web.context.ContextLoader 284 - Root WebApplicationContext: initialization completed in 373 ms
2020-03-09 13:25:03,455 [restartedMain] INFO  org.hibernate.jpa.internal.util.LogHelper 31 - HHH000204: Processing PersistenceUnitInfo [name: default]
2020-03-09 13:25:03,458 [restartedMain] INFO  com.zaxxer.hikari.HikariDataSource 110 - HikariPool-10 - Starting...
2020-03-09 13:25:03,468 [restartedMain] INFO  com.zaxxer.hikari.HikariDataSource 123 - HikariPool-10 - Start completed.
2020-03-09 13:25:03,468 [restartedMain] INFO  org.hibernate.dialect.Dialect 172 - HHH000400: Using dialect: org.hibernate.dialect.MySQL8Dialect
2020-03-09 13:25:03,596 [restartedMain] INFO  org.hibernate.engine.transaction.jta.platform.internal.JtaPlatformInitiator 52 - HHH000490: Using JtaPlatform implementation: [org.hibernate.engine.transaction.jta.platform.internal.NoJtaPlatform]
2020-03-09 13:25:03,597 [restartedMain] INFO  org.springframework.orm.jpa.LocalContainerEntityManagerFactoryBean 416 - Initialized JPA EntityManagerFactory for persistence unit 'default'
2020-03-09 13:25:03,660 [restartedMain] WARN  org.springframework.boot.autoconfigure.orm.jpa.JpaBaseConfiguration$JpaWebConfiguration 220 - spring.jpa.open-in-view is enabled by default. Therefore, database queries may be performed during view rendering. Explicitly configure spring.jpa.open-in-view to disable this warning
2020-03-09 13:25:03,702 [restartedMain] INFO  org.springframework.boot.devtools.autoconfigure.OptionalLiveReloadServer 58 - LiveReload server is running on port 35729
2020-03-09 13:25:03,845 [restartedMain] INFO  org.springframework.security.web.DefaultSecurityFilterChain 43 - Creating filter chain: any request, [org.springframework.security.web.context.request.async.WebAsyncManagerIntegrationFilter@632fc2d4, org.springframework.security.web.context.SecurityContextPersistenceFilter@6351741d, org.springframework.security.web.header.HeaderWriterFilter@1578b7a5, org.springframework.web.filter.CorsFilter@a2b9cc2, org.springframework.security.web.authentication.logout.LogoutFilter@b08eba7, com.darwin.config.JwtRequestFilter@6e5a0cc6, org.springframework.security.web.savedrequest.RequestCacheAwareFilter@5048917c, org.springframework.security.web.servletapi.SecurityContextHolderAwareRequestFilter@ddc14f, org.springframework.security.web.authentication.AnonymousAuthenticationFilter@163f4e4e, org.springframework.security.web.session.SessionManagementFilter@218844f4, org.springframework.security.web.access.ExceptionTranslationFilter@173483c8, org.springframework.security.web.access.intercept.FilterSecurityInterceptor@7540fcb9]
2020-03-09 13:25:03,892 [restartedMain] INFO  org.springframework.scheduling.concurrent.ThreadPoolTaskExecutor 171 - Initializing ExecutorService 'applicationTaskExecutor'
2020-03-09 13:25:03,987 [restartedMain] INFO  org.springframework.boot.actuate.endpoint.web.EndpointLinksResolver 58 - Exposing 2 endpoint(s) beneath base path '/actuator'
2020-03-09 13:25:04,012 [restartedMain] INFO  org.apache.coyote.http11.Http11NioProtocol 173 - Starting ProtocolHandler ["http-nio-8080"]
2020-03-09 13:25:04,016 [restartedMain] INFO  org.springframework.boot.web.embedded.tomcat.TomcatWebServer 204 - Tomcat started on port(s): 8080 (http) with context path ''
2020-03-09 13:25:04,016 [restartedMain] INFO  com.darwin.VotingSystemApplication 61 - Started VotingSystemApplication in 1.05 seconds (JVM running for 7608.684)
2020-03-09 13:25:04,017 [restartedMain] INFO  org.springframework.boot.devtools.autoconfigure.ConditionEvaluationDeltaLoggingListener 63 - Condition evaluation unchanged
2020-03-09 13:25:45,670 [Thread-49] INFO  org.springframework.scheduling.concurrent.ThreadPoolTaskExecutor 208 - Shutting down ExecutorService 'applicationTaskExecutor'
2020-03-09 13:25:45,672 [Thread-49] INFO  org.springframework.orm.jpa.LocalContainerEntityManagerFactoryBean 598 - Closing JPA EntityManagerFactory for persistence unit 'default'
2020-03-09 13:25:45,673 [Thread-49] INFO  com.zaxxer.hikari.HikariDataSource 350 - HikariPool-10 - Shutdown initiated...
2020-03-09 13:25:45,675 [Thread-49] INFO  com.zaxxer.hikari.HikariDataSource 352 - HikariPool-10 - Shutdown completed.
2020-03-09 13:25:46,139 [restartedMain] INFO  com.darwin.VotingSystemApplication 55 - Starting VotingSystemApplication on LAPTOP-1BIGBJBB with PID 18312 (D:\Users\darwi\sts-workspace\VotingSystem\target\classes started by darwi in D:\Users\darwi\sts-workspace\VotingSystem)
2020-03-09 13:25:46,139 [restartedMain] INFO  com.darwin.VotingSystemApplication 651 - No active profile set, falling back to default profiles: default
2020-03-09 13:25:46,345 [restartedMain] INFO  org.springframework.data.repository.config.RepositoryConfigurationDelegate 127 - Bootstrapping Spring Data JPA repositories in DEFAULT mode.
2020-03-09 13:25:46,363 [restartedMain] INFO  org.springframework.data.repository.config.RepositoryConfigurationDelegate 187 - Finished Spring Data repository scanning in 17ms. Found 9 JPA repository interfaces.
2020-03-09 13:25:46,404 [restartedMain] INFO  org.springframework.context.support.PostProcessorRegistrationDelegate$BeanPostProcessorChecker 330 - Bean 'org.springframework.transaction.annotation.ProxyTransactionManagementConfiguration' of type [org.springframework.transaction.annotation.ProxyTransactionManagementConfiguration] is not eligible for getting processed by all BeanPostProcessors (for example: not eligible for auto-proxying)
2020-03-09 13:25:46,407 [restartedMain] INFO  org.springframework.context.support.PostProcessorRegistrationDelegate$BeanPostProcessorChecker 330 - Bean 'org.springframework.security.config.annotation.configuration.ObjectPostProcessorConfiguration' of type [org.springframework.security.config.annotation.configuration.ObjectPostProcessorConfiguration] is not eligible for getting processed by all BeanPostProcessors (for example: not eligible for auto-proxying)
2020-03-09 13:25:46,408 [restartedMain] INFO  org.springframework.context.support.PostProcessorRegistrationDelegate$BeanPostProcessorChecker 330 - Bean 'objectPostProcessor' of type [org.springframework.security.config.annotation.configuration.AutowireBeanFactoryObjectPostProcessor] is not eligible for getting processed by all BeanPostProcessors (for example: not eligible for auto-proxying)
2020-03-09 13:25:46,409 [restartedMain] INFO  org.springframework.context.support.PostProcessorRegistrationDelegate$BeanPostProcessorChecker 330 - Bean 'org.springframework.security.access.expression.method.DefaultMethodSecurityExpressionHandler@633f8fca' of type [org.springframework.security.access.expression.method.DefaultMethodSecurityExpressionHandler] is not eligible for getting processed by all BeanPostProcessors (for example: not eligible for auto-proxying)
2020-03-09 13:25:46,409 [restartedMain] INFO  org.springframework.context.support.PostProcessorRegistrationDelegate$BeanPostProcessorChecker 330 - Bean 'org.springframework.security.config.annotation.method.configuration.GlobalMethodSecurityConfiguration' of type [org.springframework.security.config.annotation.method.configuration.GlobalMethodSecurityConfiguration] is not eligible for getting processed by all BeanPostProcessors (for example: not eligible for auto-proxying)
2020-03-09 13:25:46,409 [restartedMain] INFO  org.springframework.context.support.PostProcessorRegistrationDelegate$BeanPostProcessorChecker 330 - Bean 'methodSecurityMetadataSource' of type [org.springframework.security.access.method.DelegatingMethodSecurityMetadataSource] is not eligible for getting processed by all BeanPostProcessors (for example: not eligible for auto-proxying)
2020-03-09 13:25:46,505 [restartedMain] INFO  org.springframework.boot.web.embedded.tomcat.TomcatWebServer 92 - Tomcat initialized with port(s): 8080 (http)
2020-03-09 13:25:46,506 [restartedMain] INFO  org.apache.coyote.http11.Http11NioProtocol 173 - Initializing ProtocolHandler ["http-nio-8080"]
2020-03-09 13:25:46,506 [restartedMain] INFO  org.apache.catalina.core.StandardService 173 - Starting service [Tomcat]
2020-03-09 13:25:46,506 [restartedMain] INFO  org.apache.catalina.core.StandardEngine 173 - Starting Servlet engine: [Apache Tomcat/9.0.30]
2020-03-09 13:25:46,520 [restartedMain] INFO  org.apache.catalina.core.ContainerBase.[Tomcat].[localhost].[/] 173 - Initializing Spring embedded WebApplicationContext
