2020-03-09 13:22:17,642 [restartedMain] INFO  org.springframework.web.context.ContextLoader 284 - Root WebApplicationContext: initialization completed in 382 ms
2020-03-09 13:22:17,739 [restartedMain] INFO  org.hibernate.jpa.internal.util.LogHelper 31 - HHH000204: Processing PersistenceUnitInfo [name: default]
2020-03-09 13:22:17,742 [restartedMain] INFO  com.zaxxer.hikari.HikariDataSource 110 - HikariPool-6 - Starting...
2020-03-09 13:22:17,751 [restartedMain] INFO  com.zaxxer.hikari.HikariDataSource 123 - HikariPool-6 - Start completed.
2020-03-09 13:22:17,752 [restartedMain] INFO  org.hibernate.dialect.Dialect 172 - HHH000400: Using dialect: org.hibernate.dialect.MySQL8Dialect
2020-03-09 13:22:17,889 [restartedMain] INFO  org.hibernate.engine.transaction.jta.platform.internal.JtaPlatformInitiator 52 - HHH000490: Using JtaPlatform implementation: [org.hibernate.engine.transaction.jta.platform.internal.NoJtaPlatform]
2020-03-09 13:22:17,889 [restartedMain] INFO  org.springframework.orm.jpa.LocalContainerEntityManagerFactoryBean 416 - Initialized JPA EntityManagerFactory for persistence unit 'default'
2020-03-09 13:22:17,953 [restartedMain] WARN  org.springframework.boot.autoconfigure.orm.jpa.JpaBaseConfiguration$JpaWebConfiguration 220 - spring.jpa.open-in-view is enabled by default. Therefore, database queries may be performed during view rendering. Explicitly configure spring.jpa.open-in-view to disable this warning
2020-03-09 13:22:17,997 [restartedMain] INFO  org.springframework.boot.devtools.autoconfigure.OptionalLiveReloadServer 58 - LiveReload server is running on port 35729
2020-03-09 13:22:18,141 [restartedMain] INFO  org.springframework.security.web.DefaultSecurityFilterChain 43 - Creating filter chain: any request, [org.springframework.security.web.context.request.async.WebAsyncManagerIntegrationFilter@48e072a4, org.springframework.security.web.context.SecurityContextPersistenceFilter@7ae92ae3, org.springframework.security.web.header.HeaderWriterFilter@12c87238, org.springframework.web.filter.CorsFilter@50866772, org.springframework.security.web.authentication.logout.LogoutFilter@1db4d57a, com.darwin.config.JwtRequestFilter@78be1c7d, org.springframework.security.web.savedrequest.RequestCacheAwareFilter@474625a9, org.springframework.security.web.servletapi.SecurityContextHolderAwareRequestFilter@5f564cc, org.springframework.security.web.authentication.AnonymousAuthenticationFilter@2a8d0a0d, org.springframework.security.web.session.SessionManagementFilter@6559d7c1, org.springframework.security.web.access.ExceptionTranslationFilter@7ff79bb6, org.springframework.security.web.access.intercept.FilterSecurityInterceptor@16838b6]
2020-03-09 13:22:18,188 [restartedMain] INFO  org.springframework.scheduling.concurrent.ThreadPoolTaskExecutor 171 - Initializing ExecutorService 'applicationTaskExecutor'
2020-03-09 13:22:18,293 [restartedMain] INFO  org.springframework.boot.actuate.endpoint.web.EndpointLinksResolver 58 - Exposing 2 endpoint(s) beneath base path '/actuator'
2020-03-09 13:22:18,324 [restartedMain] INFO  org.apache.coyote.http11.Http11NioProtocol 173 - Starting ProtocolHandler ["http-nio-8080"]
2020-03-09 13:22:18,327 [restartedMain] INFO  org.springframework.boot.web.embedded.tomcat.TomcatWebServer 204 - Tomcat started on port(s): 8080 (http) with context path ''
2020-03-09 13:22:18,327 [restartedMain] INFO  com.darwin.VotingSystemApplication 61 - Started VotingSystemApplication in 1.09 seconds (JVM running for 7442.995)
2020-03-09 13:22:18,329 [restartedMain] INFO  org.springframework.boot.devtools.autoconfigure.ConditionEvaluationDeltaLoggingListener 63 - Condition evaluation unchanged
2020-03-09 13:23:05,011 [Thread-29] INFO  org.springframework.scheduling.concurrent.ThreadPoolTaskExecutor 208 - Shutting down ExecutorService 'applicationTaskExecutor'
2020-03-09 13:23:05,013 [Thread-29] INFO  org.springframework.orm.jpa.LocalContainerEntityManagerFactoryBean 598 - Closing JPA EntityManagerFactory for persistence unit 'default'
2020-03-09 13:23:05,013 [Thread-29] INFO  com.zaxxer.hikari.HikariDataSource 350 - HikariPool-6 - Shutdown initiated...
2020-03-09 13:23:05,016 [Thread-29] INFO  com.zaxxer.hikari.HikariDataSource 352 - HikariPool-6 - Shutdown completed.
2020-03-09 13:23:05,465 [restartedMain] INFO  com.darwin.VotingSystemApplication 55 - Starting VotingSystemApplication on LAPTOP-1BIGBJBB with PID 18312 (D:\Users\darwi\sts-workspace\VotingSystem\target\classes started by darwi in D:\Users\darwi\sts-workspace\VotingSystem)
2020-03-09 13:23:05,465 [restartedMain] INFO  com.darwin.VotingSystemApplication 651 - No active profile set, falling back to default profiles: default
2020-03-09 13:23:05,669 [restartedMain] INFO  org.springframework.data.repository.config.RepositoryConfigurationDelegate 127 - Bootstrapping Spring Data JPA repositories in DEFAULT mode.
2020-03-09 13:23:05,688 [restartedMain] INFO  org.springframework.data.repository.config.RepositoryConfigurationDelegate 187 - Finished Spring Data repository scanning in 18ms. Found 9 JPA repository interfaces.
2020-03-09 13:23:05,730 [restartedMain] INFO  org.springframework.context.support.PostProcessorRegistrationDelegate$BeanPostProcessorChecker 330 - Bean 'org.springframework.transaction.annotation.ProxyTransactionManagementConfiguration' of type [org.springframework.transaction.annotation.ProxyTransactionManagementConfiguration] is not eligible for getting processed by all BeanPostProcessors (for example: not eligible for auto-proxying)
2020-03-09 13:23:05,734 [restartedMain] INFO  org.springframework.context.support.PostProcessorRegistrationDelegate$BeanPostProcessorChecker 330 - Bean 'org.springframework.security.config.annotation.configuration.ObjectPostProcessorConfiguration' of type [org.springframework.security.config.annotation.configuration.ObjectPostProcessorConfiguration] is not eligible for getting processed by all BeanPostProcessors (for example: not eligible for auto-proxying)
2020-03-09 13:23:05,735 [restartedMain] INFO  org.springframework.context.support.PostProcessorRegistrationDelegate$BeanPostProcessorChecker 330 - Bean 'objectPostProcessor' of type [org.springframework.security.config.annotation.configuration.AutowireBeanFactoryObjectPostProcessor] is not eligible for getting processed by all BeanPostProcessors (for example: not eligible for auto-proxying)
2020-03-09 13:23:05,736 [restartedMain] INFO  org.springframework.context.support.PostProcessorRegistrationDelegate$BeanPostProcessorChecker 330 - Bean 'org.springframework.security.access.expression.method.DefaultMethodSecurityExpressionHandler@6225c6a5' of type [org.springframework.security.access.expression.method.DefaultMethodSecurityExpressionHandler] is not eligible for getting processed by all BeanPostProcessors (for example: not eligible for auto-proxying)
2020-03-09 13:23:05,736 [restartedMain] INFO  org.springframework.context.support.PostProcessorRegistrationDelegate$BeanPostProcessorChecker 330 - Bean 'org.springframework.security.config.annotation.method.configuration.GlobalMethodSecurityConfiguration' of type [org.springframework.security.config.annotation.method.configuration.GlobalMethodSecurityConfiguration] is not eligible for getting processed by all BeanPostProcessors (for example: not eligible for auto-proxying)
2020-03-09 13:23:05,736 [restartedMain] INFO  org.springframework.context.support.PostProcessorRegistrationDelegate$BeanPostProcessorChecker 330 - Bean 'methodSecurityMetadataSource' of type [org.springframework.security.access.method.DelegatingMethodSecurityMetadataSource] is not eligible for getting processed by all BeanPostProcessors (for example: not eligible for auto-proxying)
2020-03-09 13:23:05,839 [restartedMain] INFO  org.springframework.boot.web.embedded.tomcat.TomcatWebServer 92 - Tomcat initialized with port(s): 8080 (http)
2020-03-09 13:23:05,839 [restartedMain] INFO  org.apache.coyote.http11.Http11NioProtocol 173 - Initializing ProtocolHandler ["http-nio-8080"]
2020-03-09 13:23:05,839 [restartedMain] INFO  org.apache.catalina.core.StandardService 173 - Starting service [Tomcat]
2020-03-09 13:23:05,840 [restartedMain] INFO  org.apache.catalina.core.StandardEngine 173 - Starting Servlet engine: [Apache Tomcat/9.0.30]
2020-03-09 13:23:05,854 [restartedMain] INFO  org.apache.catalina.core.ContainerBase.[Tomcat].[localhost].[/] 173 - Initializing Spring embedded WebApplicationContext
