2020-03-09 13:34:21,174 [http-nio-8080-exec-9] WARN  org.springframework.web.servlet.mvc.support.DefaultHandlerExceptionResolver 199 - Resolved [org.springframework.http.converter.HttpMessageNotReadableException: JSON parse error: Cannot deserialize value of type `java.util.Date` from String "03-09-2020": not a valid representation (error: Failed to parse Date value '03-09-2020': Cannot parse date "03-09-2020": not compatible with any of standard forms ("yyyy-MM-dd'T'HH:mm:ss.SSSZ", "yyyy-MM-dd'T'HH:mm:ss.SSS", "EEE, dd MMM yyyy HH:mm:ss zzz", "yyyy-MM-dd")); nested exception is com.fasterxml.jackson.databind.exc.InvalidFormatException: Cannot deserialize value of type `java.util.Date` from String "03-09-2020": not a valid representation (error: Failed to parse Date value '03-09-2020': Cannot parse date "03-09-2020": not compatible with any of standard forms ("yyyy-MM-dd'T'HH:mm:ss.SSSZ", "yyyy-MM-dd'T'HH:mm:ss.SSS", "EEE, dd MMM yyyy HH:mm:ss zzz", "yyyy-MM-dd"))
 at [Source: (PushbackInputStream); line: 1, column: 213] (through reference chain: com.darwin.dto.VoterDTO["birthday"])]
2020-03-09 13:34:42,035 [http-nio-8080-exec-1] INFO  com.darwin.controller.AdminController 96 - Someone Get Admin
2020-03-09 13:35:04,480 [http-nio-8080-exec-4] WARN  com.darwin.config.JwtRequestFilter 50 - JWT Token does not begin with Bearer String
2020-03-09 13:35:09,699 [http-nio-8080-exec-9] INFO  com.darwin.controller.AdminController 96 - Someone Get Admin
2020-03-09 13:35:17,258 [http-nio-8080-exec-3] INFO  com.darwin.controller.AdminController 96 - Someone Get Admin
2020-03-09 13:35:25,346 [http-nio-8080-exec-1] INFO  com.darwin.controller.AdminController 96 - Someone Get Admin
2020-03-09 13:36:06,291 [http-nio-8080-exec-9] INFO  com.darwin.controller.AdminController 96 - Someone Get Admin
2020-03-09 13:41:58,377 [http-nio-8080-exec-10] WARN  com.darwin.config.JwtRequestFilter 50 - JWT Token does not begin with Bearer String
2020-03-09 13:42:34,290 [http-nio-8080-exec-1] WARN  com.darwin.config.JwtRequestFilter 50 - JWT Token does not begin with Bearer String
2020-03-09 13:43:41,409 [http-nio-8080-exec-8] WARN  com.darwin.config.JwtRequestFilter 50 - JWT Token does not begin with Bearer String
2020-03-09 13:44:40,928 [http-nio-8080-exec-8] WARN  com.darwin.config.JwtRequestFilter 50 - JWT Token does not begin with Bearer String
2020-03-09 13:45:12,750 [http-nio-8080-exec-10] WARN  com.darwin.config.JwtRequestFilter 50 - JWT Token does not begin with Bearer String
2020-03-09 13:52:14,173 [main] INFO  com.darwin.VotingSystemApplicationTests 55 - Starting VotingSystemApplicationTests on LAPTOP-1BIGBJBB with PID 18292 (started by darwi in D:\Users\darwi\sts-workspace\VotingSystem)
2020-03-09 13:52:14,175 [main] INFO  com.darwin.VotingSystemApplicationTests 651 - No active profile set, falling back to default profiles: default
2020-03-09 13:52:14,902 [main] INFO  org.springframework.data.repository.config.RepositoryConfigurationDelegate 127 - Bootstrapping Spring Data JPA repositories in DEFAULT mode.
2020-03-09 13:52:14,991 [main] INFO  org.springframework.data.repository.config.RepositoryConfigurationDelegate 187 - Finished Spring Data repository scanning in 82ms. Found 9 JPA repository interfaces.
2020-03-09 13:52:15,853 [main] INFO  org.springframework.context.support.PostProcessorRegistrationDelegate$BeanPostProcessorChecker 330 - Bean 'org.springframework.transaction.annotation.ProxyTransactionManagementConfiguration' of type [org.springframework.transaction.annotation.ProxyTransactionManagementConfiguration] is not eligible for getting processed by all BeanPostProcessors (for example: not eligible for auto-proxying)
2020-03-09 13:52:15,882 [main] INFO  org.springframework.context.support.PostProcessorRegistrationDelegate$BeanPostProcessorChecker 330 - Bean 'org.springframework.security.config.annotation.configuration.ObjectPostProcessorConfiguration' of type [org.springframework.security.config.annotation.configuration.ObjectPostProcessorConfiguration] is not eligible for getting processed by all BeanPostProcessors (for example: not eligible for auto-proxying)
2020-03-09 13:52:15,887 [main] INFO  org.springframework.context.support.PostProcessorRegistrationDelegate$BeanPostProcessorChecker 330 - Bean 'objectPostProcessor' of type [org.springframework.security.config.annotation.configuration.AutowireBeanFactoryObjectPostProcessor] is not eligible for getting processed by all BeanPostProcessors (for example: not eligible for auto-proxying)
2020-03-09 13:52:15,889 [main] INFO  org.springframework.context.support.PostProcessorRegistrationDelegate$BeanPostProcessorChecker 330 - Bean 'org.springframework.security.access.expression.method.DefaultMethodSecurityExpressionHandler@4816ee24' of type [org.springframework.security.access.expression.method.DefaultMethodSecurityExpressionHandler] is not eligible for getting processed by all BeanPostProcessors (for example: not eligible for auto-proxying)
2020-03-09 13:52:15,895 [main] INFO  org.springframework.context.support.PostProcessorRegistrationDelegate$BeanPostProcessorChecker 330 - Bean 'org.springframework.security.config.annotation.method.configuration.GlobalMethodSecurityConfiguration' of type [org.springframework.security.config.annotation.method.configuration.GlobalMethodSecurityConfiguration] is not eligible for getting processed by all BeanPostProcessors (for example: not eligible for auto-proxying)
2020-03-09 13:52:15,902 [main] INFO  org.springframework.context.support.PostProcessorRegistrationDelegate$BeanPostProcessorChecker 330 - Bean 'methodSecurityMetadataSource' of type [org.springframework.security.access.method.DelegatingMethodSecurityMetadataSource] is not eligible for getting processed by all BeanPostProcessors (for example: not eligible for auto-proxying)
2020-03-09 13:52:16,088 [main] INFO  org.hibernate.jpa.internal.util.LogHelper 31 - HHH000204: Processing PersistenceUnitInfo [name: default]
2020-03-09 13:52:16,159 [main] INFO  org.hibernate.Version 46 - HHH000412: Hibernate Core {5.4.10.Final}
2020-03-09 13:52:16,196 [main] INFO  org.hibernate.annotations.common.Version 49 - HCANN000001: Hibernate Commons Annotations {5.1.0.Final}
2020-03-09 13:52:16,564 [main] INFO  com.zaxxer.hikari.HikariDataSource 110 - HikariPool-1 - Starting...
2020-03-09 13:52:17,093 [main] INFO  com.zaxxer.hikari.HikariDataSource 123 - HikariPool-1 - Start completed.
2020-03-09 13:52:17,129 [main] INFO  org.hibernate.dialect.Dialect 172 - HHH000400: Using dialect: org.hibernate.dialect.MySQL8Dialect
2020-03-09 13:52:17,807 [main] INFO  org.hibernate.engine.transaction.jta.platform.internal.JtaPlatformInitiator 52 - HHH000490: Using JtaPlatform implementation: [org.hibernate.engine.transaction.jta.platform.internal.NoJtaPlatform]
2020-03-09 13:52:17,813 [main] INFO  org.springframework.orm.jpa.LocalContainerEntityManagerFactoryBean 416 - Initialized JPA EntityManagerFactory for persistence unit 'default'
2020-03-09 13:52:18,240 [main] WARN  org.springframework.boot.autoconfigure.orm.jpa.JpaBaseConfiguration$JpaWebConfiguration 220 - spring.jpa.open-in-view is enabled by default. Therefore, database queries may be performed during view rendering. Explicitly configure spring.jpa.open-in-view to disable this warning
2020-03-09 13:52:18,868 [main] INFO  org.springframework.security.web.DefaultSecurityFilterChain 43 - Creating filter chain: any request, [org.springframework.security.web.context.request.async.WebAsyncManagerIntegrationFilter@15d0b458, org.springframework.security.web.context.SecurityContextPersistenceFilter@349aeec4, org.springframework.security.web.header.HeaderWriterFilter@12d35bc9, org.springframework.web.filter.CorsFilter@72a0a60d, org.springframework.security.web.authentication.logout.LogoutFilter@7b423f90, com.darwin.config.JwtRequestFilter@13714753, org.springframework.security.web.savedrequest.RequestCacheAwareFilter@78a165db, org.springframework.security.web.servletapi.SecurityContextHolderAwareRequestFilter@6dbeaef8, org.springframework.security.web.authentication.AnonymousAuthenticationFilter@65930e02, org.springframework.security.web.session.SessionManagementFilter@749ee0e3, org.springframework.security.web.access.ExceptionTranslationFilter@45f95ac0, org.springframework.security.web.access.intercept.FilterSecurityInterceptor@3bb4c2b2]
2020-03-09 13:52:19,223 [main] INFO  org.springframework.scheduling.concurrent.ThreadPoolTaskExecutor 171 - Initializing ExecutorService 'applicationTaskExecutor'
2020-03-09 13:52:19,813 [main] INFO  org.springframework.boot.actuate.endpoint.web.EndpointLinksResolver 58 - Exposing 2 endpoint(s) beneath base path '/actuator'
2020-03-09 13:52:19,876 [main] INFO  com.darwin.VotingSystemApplicationTests 61 - Started VotingSystemApplicationTests in 5.98 seconds (JVM running for 7.2)
2020-03-09 13:52:20,071 [SpringContextShutdownHook] INFO  org.springframework.scheduling.concurrent.ThreadPoolTaskExecutor 208 - Shutting down ExecutorService 'applicationTaskExecutor'
2020-03-09 13:52:20,077 [SpringContextShutdownHook] INFO  org.springframework.orm.jpa.LocalContainerEntityManagerFactoryBean 598 - Closing JPA EntityManagerFactory for persistence unit 'default'
2020-03-09 13:52:20,079 [SpringContextShutdownHook] INFO  com.zaxxer.hikari.HikariDataSource 350 - HikariPool-1 - Shutdown initiated...
2020-03-09 13:52:20,093 [SpringContextShutdownHook] INFO  com.zaxxer.hikari.HikariDataSource 352 - HikariPool-1 - Shutdown completed.
2020-03-09 13:53:25,102 [main] INFO  com.darwin.VotingSystemApplicationTests 55 - Starting VotingSystemApplicationTests on LAPTOP-1BIGBJBB with PID 31344 (started by darwi in D:\Users\darwi\sts-workspace\VotingSystem)
2020-03-09 13:53:25,103 [main] INFO  com.darwin.VotingSystemApplicationTests 651 - No active profile set, falling back to default profiles: default
2020-03-09 13:53:25,793 [main] INFO  org.springframework.data.repository.config.RepositoryConfigurationDelegate 127 - Bootstrapping Spring Data JPA repositories in DEFAULT mode.
2020-03-09 13:53:25,870 [main] INFO  org.springframework.data.repository.config.RepositoryConfigurationDelegate 187 - Finished Spring Data repository scanning in 68ms. Found 9 JPA repository interfaces.
2020-03-09 13:53:26,641 [main] INFO  org.springframework.context.support.PostProcessorRegistrationDelegate$BeanPostProcessorChecker 330 - Bean 'org.springframework.transaction.annotation.ProxyTransactionManagementConfiguration' of type [org.springframework.transaction.annotation.ProxyTransactionManagementConfiguration] is not eligible for getting processed by all BeanPostProcessors (for example: not eligible for auto-proxying)
2020-03-09 13:53:26,674 [main] INFO  org.springframework.context.support.PostProcessorRegistrationDelegate$BeanPostProcessorChecker 330 - Bean 'org.springframework.security.config.annotation.configuration.ObjectPostProcessorConfiguration' of type [org.springframework.security.config.annotation.configuration.ObjectPostProcessorConfiguration] is not eligible for getting processed by all BeanPostProcessors (for example: not eligible for auto-proxying)
2020-03-09 13:53:26,682 [main] INFO  org.springframework.context.support.PostProcessorRegistrationDelegate$BeanPostProcessorChecker 330 - Bean 'objectPostProcessor' of type [org.springframework.security.config.annotation.configuration.AutowireBeanFactoryObjectPostProcessor] is not eligible for getting processed by all BeanPostProcessors (for example: not eligible for auto-proxying)
2020-03-09 13:53:26,688 [main] INFO  org.springframework.context.support.PostProcessorRegistrationDelegate$BeanPostProcessorChecker 330 - Bean 'org.springframework.security.access.expression.method.DefaultMethodSecurityExpressionHandler@20d33ea' of type [org.springframework.security.access.expression.method.DefaultMethodSecurityExpressionHandler] is not eligible for getting processed by all BeanPostProcessors (for example: not eligible for auto-proxying)
2020-03-09 13:53:26,698 [main] INFO  org.springframework.context.support.PostProcessorRegistrationDelegate$BeanPostProcessorChecker 330 - Bean 'org.springframework.security.config.annotation.method.configuration.GlobalMethodSecurityConfiguration' of type [org.springframework.security.config.annotation.method.configuration.GlobalMethodSecurityConfiguration] is not eligible for getting processed by all BeanPostProcessors (for example: not eligible for auto-proxying)
2020-03-09 13:53:26,703 [main] INFO  org.springframework.context.support.PostProcessorRegistrationDelegate$BeanPostProcessorChecker 330 - Bean 'methodSecurityMetadataSource' of type [org.springframework.security.access.method.DelegatingMethodSecurityMetadataSource] is not eligible for getting processed by all BeanPostProcessors (for example: not eligible for auto-proxying)
2020-03-09 13:53:26,886 [main] INFO  org.hibernate.jpa.internal.util.LogHelper 31 - HHH000204: Processing PersistenceUnitInfo [name: default]
2020-03-09 13:53:26,955 [main] INFO  org.hibernate.Version 46 - HHH000412: Hibernate Core {5.4.10.Final}
2020-03-09 13:53:26,994 [main] INFO  org.hibernate.annotations.common.Version 49 - HCANN000001: Hibernate Commons Annotations {5.1.0.Final}
2020-03-09 13:53:27,360 [main] INFO  com.zaxxer.hikari.HikariDataSource 110 - HikariPool-1 - Starting...
2020-03-09 13:53:27,903 [main] INFO  com.zaxxer.hikari.HikariDataSource 123 - HikariPool-1 - Start completed.
2020-03-09 13:53:27,929 [main] INFO  org.hibernate.dialect.Dialect 172 - HHH000400: Using dialect: org.hibernate.dialect.MySQL8Dialect
2020-03-09 13:53:28,601 [main] INFO  org.hibernate.engine.transaction.jta.platform.internal.JtaPlatformInitiator 52 - HHH000490: Using JtaPlatform implementation: [org.hibernate.engine.transaction.jta.platform.internal.NoJtaPlatform]
2020-03-09 13:53:28,607 [main] INFO  org.springframework.orm.jpa.LocalContainerEntityManagerFactoryBean 416 - Initialized JPA EntityManagerFactory for persistence unit 'default'
2020-03-09 13:53:29,031 [main] WARN  org.springframework.boot.autoconfigure.orm.jpa.JpaBaseConfiguration$JpaWebConfiguration 220 - spring.jpa.open-in-view is enabled by default. Therefore, database queries may be performed during view rendering. Explicitly configure spring.jpa.open-in-view to disable this warning
2020-03-09 13:53:29,731 [main] INFO  org.springframework.security.web.DefaultSecurityFilterChain 43 - Creating filter chain: any request, [org.springframework.security.web.context.request.async.WebAsyncManagerIntegrationFilter@180f33b2, org.springframework.security.web.context.SecurityContextPersistenceFilter@6516181f, org.springframework.security.web.header.HeaderWriterFilter@6bfbab1c, org.springframework.web.filter.CorsFilter@391e85df, org.springframework.security.web.authentication.logout.LogoutFilter@2de7fe0e, com.darwin.config.JwtRequestFilter@7b8cb283, org.springframework.security.web.savedrequest.RequestCacheAwareFilter@1ead3c67, org.springframework.security.web.servletapi.SecurityContextHolderAwareRequestFilter@6068cda1, org.springframework.security.web.authentication.AnonymousAuthenticationFilter@48c3a0ef, org.springframework.security.web.session.SessionManagementFilter@7744195, org.springframework.security.web.access.ExceptionTranslationFilter@3c4c7e51, org.springframework.security.web.access.intercept.FilterSecurityInterceptor@6fd97fd1]
2020-03-09 13:53:30,081 [main] INFO  org.springframework.scheduling.concurrent.ThreadPoolTaskExecutor 171 - Initializing ExecutorService 'applicationTaskExecutor'
2020-03-09 13:53:30,613 [main] INFO  org.springframework.boot.actuate.endpoint.web.EndpointLinksResolver 58 - Exposing 2 endpoint(s) beneath base path '/actuator'
2020-03-09 13:53:30,683 [main] INFO  com.darwin.VotingSystemApplicationTests 61 - Started VotingSystemApplicationTests in 5.871 seconds (JVM running for 6.812)
2020-03-09 13:53:30,786 [SpringContextShutdownHook] INFO  org.springframework.scheduling.concurrent.ThreadPoolTaskExecutor 208 - Shutting down ExecutorService 'applicationTaskExecutor'
2020-03-09 13:53:30,793 [SpringContextShutdownHook] INFO  org.springframework.orm.jpa.LocalContainerEntityManagerFactoryBean 598 - Closing JPA EntityManagerFactory for persistence unit 'default'
2020-03-09 13:53:30,795 [SpringContextShutdownHook] INFO  com.zaxxer.hikari.HikariDataSource 350 - HikariPool-1 - Shutdown initiated...
2020-03-09 13:53:30,803 [SpringContextShutdownHook] INFO  com.zaxxer.hikari.HikariDataSource 352 - HikariPool-1 - Shutdown completed.
2020-03-09 13:54:31,315 [main] INFO  com.darwin.VotingSystemApplicationTests 55 - Starting VotingSystemApplicationTests on LAPTOP-1BIGBJBB with PID 21412 (started by darwi in D:\Users\darwi\sts-workspace\VotingSystem)
2020-03-09 13:54:31,317 [main] INFO  com.darwin.VotingSystemApplicationTests 651 - No active profile set, falling back to default profiles: default
2020-03-09 13:54:32,019 [main] INFO  org.springframework.data.repository.config.RepositoryConfigurationDelegate 127 - Bootstrapping Spring Data JPA repositories in DEFAULT mode.
2020-03-09 13:54:32,098 [main] INFO  org.springframework.data.repository.config.RepositoryConfigurationDelegate 187 - Finished Spring Data repository scanning in 69ms. Found 9 JPA repository interfaces.
2020-03-09 13:54:32,922 [main] INFO  org.springframework.context.support.PostProcessorRegistrationDelegate$BeanPostProcessorChecker 330 - Bean 'org.springframework.transaction.annotation.ProxyTransactionManagementConfiguration' of type [org.springframework.transaction.annotation.ProxyTransactionManagementConfiguration] is not eligible for getting processed by all BeanPostProcessors (for example: not eligible for auto-proxying)
2020-03-09 13:54:32,957 [main] INFO  org.springframework.context.support.PostProcessorRegistrationDelegate$BeanPostProcessorChecker 330 - Bean 'org.springframework.security.config.annotation.configuration.ObjectPostProcessorConfiguration' of type [org.springframework.security.config.annotation.configuration.ObjectPostProcessorConfiguration] is not eligible for getting processed by all BeanPostProcessors (for example: not eligible for auto-proxying)
2020-03-09 13:54:32,967 [main] INFO  org.springframework.context.support.PostProcessorRegistrationDelegate$BeanPostProcessorChecker 330 - Bean 'objectPostProcessor' of type [org.springframework.security.config.annotation.configuration.AutowireBeanFactoryObjectPostProcessor] is not eligible for getting processed by all BeanPostProcessors (for example: not eligible for auto-proxying)
2020-03-09 13:54:32,969 [main] INFO  org.springframework.context.support.PostProcessorRegistrationDelegate$BeanPostProcessorChecker 330 - Bean 'org.springframework.security.access.expression.method.DefaultMethodSecurityExpressionHandler@71370fec' of type [org.springframework.security.access.expression.method.DefaultMethodSecurityExpressionHandler] is not eligible for getting processed by all BeanPostProcessors (for example: not eligible for auto-proxying)
2020-03-09 13:54:32,978 [main] INFO  org.springframework.context.support.PostProcessorRegistrationDelegate$BeanPostProcessorChecker 330 - Bean 'org.springframework.security.config.annotation.method.configuration.GlobalMethodSecurityConfiguration' of type [org.springframework.security.config.annotation.method.configuration.GlobalMethodSecurityConfiguration] is not eligible for getting processed by all BeanPostProcessors (for example: not eligible for auto-proxying)
2020-03-09 13:54:32,984 [main] INFO  org.springframework.context.support.PostProcessorRegistrationDelegate$BeanPostProcessorChecker 330 - Bean 'methodSecurityMetadataSource' of type [org.springframework.security.access.method.DelegatingMethodSecurityMetadataSource] is not eligible for getting processed by all BeanPostProcessors (for example: not eligible for auto-proxying)
2020-03-09 13:54:33,168 [main] INFO  org.hibernate.jpa.internal.util.LogHelper 31 - HHH000204: Processing PersistenceUnitInfo [name: default]
2020-03-09 13:54:33,242 [main] INFO  org.hibernate.Version 46 - HHH000412: Hibernate Core {5.4.10.Final}
2020-03-09 13:54:33,290 [main] INFO  org.hibernate.annotations.common.Version 49 - HCANN000001: Hibernate Commons Annotations {5.1.0.Final}
2020-03-09 13:54:33,655 [main] INFO  com.zaxxer.hikari.HikariDataSource 110 - HikariPool-1 - Starting...
2020-03-09 13:54:34,195 [main] INFO  com.zaxxer.hikari.HikariDataSource 123 - HikariPool-1 - Start completed.
2020-03-09 13:54:34,225 [main] INFO  org.hibernate.dialect.Dialect 172 - HHH000400: Using dialect: org.hibernate.dialect.MySQL8Dialect
2020-03-09 13:54:34,874 [main] INFO  org.hibernate.engine.transaction.jta.platform.internal.JtaPlatformInitiator 52 - HHH000490: Using JtaPlatform implementation: [org.hibernate.engine.transaction.jta.platform.internal.NoJtaPlatform]
2020-03-09 13:54:34,880 [main] INFO  org.springframework.orm.jpa.LocalContainerEntityManagerFactoryBean 416 - Initialized JPA EntityManagerFactory for persistence unit 'default'
2020-03-09 13:54:35,293 [main] WARN  org.springframework.boot.autoconfigure.orm.jpa.JpaBaseConfiguration$JpaWebConfiguration 220 - spring.jpa.open-in-view is enabled by default. Therefore, database queries may be performed during view rendering. Explicitly configure spring.jpa.open-in-view to disable this warning
2020-03-09 13:54:35,911 [main] INFO  org.springframework.security.web.DefaultSecurityFilterChain 43 - Creating filter chain: any request, [org.springframework.security.web.context.request.async.WebAsyncManagerIntegrationFilter@2f3a8166, org.springframework.security.web.context.SecurityContextPersistenceFilter@17d19538, org.springframework.security.web.header.HeaderWriterFilter@2d3bb944, org.springframework.web.filter.CorsFilter@7aab98b6, org.springframework.security.web.authentication.logout.LogoutFilter@547052, com.darwin.config.JwtRequestFilter@27053257, org.springframework.security.web.savedrequest.RequestCacheAwareFilter@644e6a8e, org.springframework.security.web.servletapi.SecurityContextHolderAwareRequestFilter@6032622, org.springframework.security.web.authentication.AnonymousAuthenticationFilter@5e3405a1, org.springframework.security.web.session.SessionManagementFilter@1ead3c67, org.springframework.security.web.access.ExceptionTranslationFilter@52035328, org.springframework.security.web.access.intercept.FilterSecurityInterceptor@180f33b2]
2020-03-09 13:54:36,306 [main] INFO  org.springframework.scheduling.concurrent.ThreadPoolTaskExecutor 171 - Initializing ExecutorService 'applicationTaskExecutor'
2020-03-09 13:54:36,842 [main] INFO  org.springframework.boot.actuate.endpoint.web.EndpointLinksResolver 58 - Exposing 2 endpoint(s) beneath base path '/actuator'
2020-03-09 13:54:36,898 [main] INFO  com.darwin.VotingSystemApplicationTests 61 - Started VotingSystemApplicationTests in 5.863 seconds (JVM running for 6.799)
2020-03-09 13:54:37,030 [SpringContextShutdownHook] INFO  org.springframework.scheduling.concurrent.ThreadPoolTaskExecutor 208 - Shutting down ExecutorService 'applicationTaskExecutor'
2020-03-09 13:54:37,036 [SpringContextShutdownHook] INFO  org.springframework.orm.jpa.LocalContainerEntityManagerFactoryBean 598 - Closing JPA EntityManagerFactory for persistence unit 'default'
2020-03-09 13:54:37,038 [SpringContextShutdownHook] INFO  com.zaxxer.hikari.HikariDataSource 350 - HikariPool-1 - Shutdown initiated...
2020-03-09 13:54:37,052 [SpringContextShutdownHook] INFO  com.zaxxer.hikari.HikariDataSource 352 - HikariPool-1 - Shutdown completed.
2020-03-09 13:55:14,545 [main] INFO  com.darwin.VotingSystemApplicationTests 55 - Starting VotingSystemApplicationTests on LAPTOP-1BIGBJBB with PID 38064 (started by darwi in D:\Users\darwi\sts-workspace\VotingSystem)
2020-03-09 13:55:14,547 [main] INFO  com.darwin.VotingSystemApplicationTests 651 - No active profile set, falling back to default profiles: default
2020-03-09 13:55:15,378 [main] INFO  org.springframework.data.repository.config.RepositoryConfigurationDelegate 127 - Bootstrapping Spring Data JPA repositories in DEFAULT mode.
2020-03-09 13:55:15,467 [main] INFO  org.springframework.data.repository.config.RepositoryConfigurationDelegate 187 - Finished Spring Data repository scanning in 75ms. Found 9 JPA repository interfaces.
2020-03-09 13:55:16,252 [main] INFO  org.springframework.context.support.PostProcessorRegistrationDelegate$BeanPostProcessorChecker 330 - Bean 'org.springframework.transaction.annotation.ProxyTransactionManagementConfiguration' of type [org.springframework.transaction.annotation.ProxyTransactionManagementConfiguration] is not eligible for getting processed by all BeanPostProcessors (for example: not eligible for auto-proxying)
2020-03-09 13:55:16,282 [main] INFO  org.springframework.context.support.PostProcessorRegistrationDelegate$BeanPostProcessorChecker 330 - Bean 'org.springframework.security.config.annotation.configuration.ObjectPostProcessorConfiguration' of type [org.springframework.security.config.annotation.configuration.ObjectPostProcessorConfiguration] is not eligible for getting processed by all BeanPostProcessors (for example: not eligible for auto-proxying)
2020-03-09 13:55:16,290 [main] INFO  org.springframework.context.support.PostProcessorRegistrationDelegate$BeanPostProcessorChecker 330 - Bean 'objectPostProcessor' of type [org.springframework.security.config.annotation.configuration.AutowireBeanFactoryObjectPostProcessor] is not eligible for getting processed by all BeanPostProcessors (for example: not eligible for auto-proxying)
2020-03-09 13:55:16,292 [main] INFO  org.springframework.context.support.PostProcessorRegistrationDelegate$BeanPostProcessorChecker 330 - Bean 'org.springframework.security.access.expression.method.DefaultMethodSecurityExpressionHandler@557b6a37' of type [org.springframework.security.access.expression.method.DefaultMethodSecurityExpressionHandler] is not eligible for getting processed by all BeanPostProcessors (for example: not eligible for auto-proxying)
2020-03-09 13:55:16,300 [main] INFO  org.springframework.context.support.PostProcessorRegistrationDelegate$BeanPostProcessorChecker 330 - Bean 'org.springframework.security.config.annotation.method.configuration.GlobalMethodSecurityConfiguration' of type [org.springframework.security.config.annotation.method.configuration.GlobalMethodSecurityConfiguration] is not eligible for getting processed by all BeanPostProcessors (for example: not eligible for auto-proxying)
2020-03-09 13:55:16,307 [main] INFO  org.springframework.context.support.PostProcessorRegistrationDelegate$BeanPostProcessorChecker 330 - Bean 'methodSecurityMetadataSource' of type [org.springframework.security.access.method.DelegatingMethodSecurityMetadataSource] is not eligible for getting processed by all BeanPostProcessors (for example: not eligible for auto-proxying)
2020-03-09 13:55:16,511 [main] INFO  org.hibernate.jpa.internal.util.LogHelper 31 - HHH000204: Processing PersistenceUnitInfo [name: default]
2020-03-09 13:55:16,584 [main] INFO  org.hibernate.Version 46 - HHH000412: Hibernate Core {5.4.10.Final}
2020-03-09 13:55:16,625 [main] INFO  org.hibernate.annotations.common.Version 49 - HCANN000001: Hibernate Commons Annotations {5.1.0.Final}
2020-03-09 13:55:16,980 [main] INFO  com.zaxxer.hikari.HikariDataSource 110 - HikariPool-1 - Starting...
2020-03-09 13:55:17,506 [main] INFO  com.zaxxer.hikari.HikariDataSource 123 - HikariPool-1 - Start completed.
2020-03-09 13:55:17,534 [main] INFO  org.hibernate.dialect.Dialect 172 - HHH000400: Using dialect: org.hibernate.dialect.MySQL8Dialect
2020-03-09 13:55:18,197 [main] INFO  org.hibernate.engine.transaction.jta.platform.internal.JtaPlatformInitiator 52 - HHH000490: Using JtaPlatform implementation: [org.hibernate.engine.transaction.jta.platform.internal.NoJtaPlatform]
2020-03-09 13:55:18,204 [main] INFO  org.springframework.orm.jpa.LocalContainerEntityManagerFactoryBean 416 - Initialized JPA EntityManagerFactory for persistence unit 'default'
2020-03-09 13:55:18,584 [main] WARN  org.springframework.boot.autoconfigure.orm.jpa.JpaBaseConfiguration$JpaWebConfiguration 220 - spring.jpa.open-in-view is enabled by default. Therefore, database queries may be performed during view rendering. Explicitly configure spring.jpa.open-in-view to disable this warning
2020-03-09 13:55:19,190 [main] INFO  org.springframework.security.web.DefaultSecurityFilterChain 43 - Creating filter chain: any request, [org.springframework.security.web.context.request.async.WebAsyncManagerIntegrationFilter@5fa9247b, org.springframework.security.web.context.SecurityContextPersistenceFilter@118e2487, org.springframework.security.web.header.HeaderWriterFilter@7d47b021, org.springframework.web.filter.CorsFilter@21ce3b22, org.springframework.security.web.authentication.logout.LogoutFilter@20723ee, com.darwin.config.JwtRequestFilter@2d3c501b, org.springframework.security.web.savedrequest.RequestCacheAwareFilter@5cc075da, org.springframework.security.web.servletapi.SecurityContextHolderAwareRequestFilter@24f3fb87, org.springframework.security.web.authentication.AnonymousAuthenticationFilter@7cd25bf5, org.springframework.security.web.session.SessionManagementFilter@644e6a8e, org.springframework.security.web.access.ExceptionTranslationFilter@6dbeaef8, org.springframework.security.web.access.intercept.FilterSecurityInterceptor@2f3a8166]
2020-03-09 13:55:19,534 [main] INFO  org.springframework.scheduling.concurrent.ThreadPoolTaskExecutor 171 - Initializing ExecutorService 'applicationTaskExecutor'
2020-03-09 13:55:20,129 [main] INFO  org.springframework.boot.actuate.endpoint.web.EndpointLinksResolver 58 - Exposing 2 endpoint(s) beneath base path '/actuator'
2020-03-09 13:55:20,209 [main] INFO  com.darwin.VotingSystemApplicationTests 61 - Started VotingSystemApplicationTests in 5.948 seconds (JVM running for 6.896)
2020-03-09 13:55:20,367 [SpringContextShutdownHook] INFO  org.springframework.scheduling.concurrent.ThreadPoolTaskExecutor 208 - Shutting down ExecutorService 'applicationTaskExecutor'
2020-03-09 13:55:20,373 [SpringContextShutdownHook] INFO  org.springframework.orm.jpa.LocalContainerEntityManagerFactoryBean 598 - Closing JPA EntityManagerFactory for persistence unit 'default'
2020-03-09 13:55:20,376 [SpringContextShutdownHook] INFO  com.zaxxer.hikari.HikariDataSource 350 - HikariPool-1 - Shutdown initiated...
2020-03-09 13:55:20,388 [SpringContextShutdownHook] INFO  com.zaxxer.hikari.HikariDataSource 352 - HikariPool-1 - Shutdown completed.
2020-03-09 13:56:16,201 [main] INFO  com.darwin.VotingSystemApplicationTests 55 - Starting VotingSystemApplicationTests on LAPTOP-1BIGBJBB with PID 32460 (started by darwi in D:\Users\darwi\sts-workspace\VotingSystem)
2020-03-09 13:56:16,203 [main] INFO  com.darwin.VotingSystemApplicationTests 651 - No active profile set, falling back to default profiles: default
2020-03-09 13:56:16,925 [main] INFO  org.springframework.data.repository.config.RepositoryConfigurationDelegate 127 - Bootstrapping Spring Data JPA repositories in DEFAULT mode.
2020-03-09 13:56:17,013 [main] INFO  org.springframework.data.repository.config.RepositoryConfigurationDelegate 187 - Finished Spring Data repository scanning in 74ms. Found 9 JPA repository interfaces.
2020-03-09 13:56:17,757 [main] INFO  org.springframework.context.support.PostProcessorRegistrationDelegate$BeanPostProcessorChecker 330 - Bean 'org.springframework.transaction.annotation.ProxyTransactionManagementConfiguration' of type [org.springframework.transaction.annotation.ProxyTransactionManagementConfiguration] is not eligible for getting processed by all BeanPostProcessors (for example: not eligible for auto-proxying)
2020-03-09 13:56:17,787 [main] INFO  org.springframework.context.support.PostProcessorRegistrationDelegate$BeanPostProcessorChecker 330 - Bean 'org.springframework.security.config.annotation.configuration.ObjectPostProcessorConfiguration' of type [org.springframework.security.config.annotation.configuration.ObjectPostProcessorConfiguration] is not eligible for getting processed by all BeanPostProcessors (for example: not eligible for auto-proxying)
2020-03-09 13:56:17,792 [main] INFO  org.springframework.context.support.PostProcessorRegistrationDelegate$BeanPostProcessorChecker 330 - Bean 'objectPostProcessor' of type [org.springframework.security.config.annotation.configuration.AutowireBeanFactoryObjectPostProcessor] is not eligible for getting processed by all BeanPostProcessors (for example: not eligible for auto-proxying)
2020-03-09 13:56:17,794 [main] INFO  org.springframework.context.support.PostProcessorRegistrationDelegate$BeanPostProcessorChecker 330 - Bean 'org.springframework.security.access.expression.method.DefaultMethodSecurityExpressionHandler@34208baa' of type [org.springframework.security.access.expression.method.DefaultMethodSecurityExpressionHandler] is not eligible for getting processed by all BeanPostProcessors (for example: not eligible for auto-proxying)
2020-03-09 13:56:17,803 [main] INFO  org.springframework.context.support.PostProcessorRegistrationDelegate$BeanPostProcessorChecker 330 - Bean 'org.springframework.security.config.annotation.method.configuration.GlobalMethodSecurityConfiguration' of type [org.springframework.security.config.annotation.method.configuration.GlobalMethodSecurityConfiguration] is not eligible for getting processed by all BeanPostProcessors (for example: not eligible for auto-proxying)
2020-03-09 13:56:17,810 [main] INFO  org.springframework.context.support.PostProcessorRegistrationDelegate$BeanPostProcessorChecker 330 - Bean 'methodSecurityMetadataSource' of type [org.springframework.security.access.method.DelegatingMethodSecurityMetadataSource] is not eligible for getting processed by all BeanPostProcessors (for example: not eligible for auto-proxying)
2020-03-09 13:56:18,006 [main] INFO  org.hibernate.jpa.internal.util.LogHelper 31 - HHH000204: Processing PersistenceUnitInfo [name: default]
2020-03-09 13:56:18,087 [main] INFO  org.hibernate.Version 46 - HHH000412: Hibernate Core {5.4.10.Final}
2020-03-09 13:56:18,125 [main] INFO  org.hibernate.annotations.common.Version 49 - HCANN000001: Hibernate Commons Annotations {5.1.0.Final}
2020-03-09 13:56:18,537 [main] INFO  com.zaxxer.hikari.HikariDataSource 110 - HikariPool-1 - Starting...
2020-03-09 13:56:19,078 [main] INFO  com.zaxxer.hikari.HikariDataSource 123 - HikariPool-1 - Start completed.
2020-03-09 13:56:19,106 [main] INFO  org.hibernate.dialect.Dialect 172 - HHH000400: Using dialect: org.hibernate.dialect.MySQL8Dialect
2020-03-09 13:56:19,757 [main] INFO  org.hibernate.engine.transaction.jta.platform.internal.JtaPlatformInitiator 52 - HHH000490: Using JtaPlatform implementation: [org.hibernate.engine.transaction.jta.platform.internal.NoJtaPlatform]
2020-03-09 13:56:19,764 [main] INFO  org.springframework.orm.jpa.LocalContainerEntityManagerFactoryBean 416 - Initialized JPA EntityManagerFactory for persistence unit 'default'
2020-03-09 13:56:20,174 [main] WARN  org.springframework.boot.autoconfigure.orm.jpa.JpaBaseConfiguration$JpaWebConfiguration 220 - spring.jpa.open-in-view is enabled by default. Therefore, database queries may be performed during view rendering. Explicitly configure spring.jpa.open-in-view to disable this warning
2020-03-09 13:56:20,799 [main] INFO  org.springframework.security.web.DefaultSecurityFilterChain 43 - Creating filter chain: any request, [org.springframework.security.web.context.request.async.WebAsyncManagerIntegrationFilter@3387ab0, org.springframework.security.web.context.SecurityContextPersistenceFilter@547052, org.springframework.security.web.header.HeaderWriterFilter@7be859de, org.springframework.web.filter.CorsFilter@470f0637, org.springframework.security.web.authentication.logout.LogoutFilter@2a21cbe7, com.darwin.config.JwtRequestFilter@59c862af, org.springframework.security.web.savedrequest.RequestCacheAwareFilter@23c00420, org.springframework.security.web.servletapi.SecurityContextHolderAwareRequestFilter@21c5c68a, org.springframework.security.web.authentication.AnonymousAuthenticationFilter@6b278b17, org.springframework.security.web.session.SessionManagementFilter@684a802a, org.springframework.security.web.access.ExceptionTranslationFilter@24f3fb87, org.springframework.security.web.access.intercept.FilterSecurityInterceptor@278c998]
2020-03-09 13:56:21,168 [main] INFO  org.springframework.scheduling.concurrent.ThreadPoolTaskExecutor 171 - Initializing ExecutorService 'applicationTaskExecutor'
2020-03-09 13:56:21,641 [main] INFO  org.springframework.boot.actuate.endpoint.web.EndpointLinksResolver 58 - Exposing 2 endpoint(s) beneath base path '/actuator'
2020-03-09 13:56:21,698 [main] INFO  com.darwin.VotingSystemApplicationTests 61 - Started VotingSystemApplicationTests in 5.791 seconds (JVM running for 6.747)
2020-03-09 13:56:21,799 [SpringContextShutdownHook] INFO  org.springframework.scheduling.concurrent.ThreadPoolTaskExecutor 208 - Shutting down ExecutorService 'applicationTaskExecutor'
2020-03-09 13:56:21,807 [SpringContextShutdownHook] INFO  org.springframework.orm.jpa.LocalContainerEntityManagerFactoryBean 598 - Closing JPA EntityManagerFactory for persistence unit 'default'
2020-03-09 13:56:21,809 [SpringContextShutdownHook] INFO  com.zaxxer.hikari.HikariDataSource 350 - HikariPool-1 - Shutdown initiated...
2020-03-09 13:56:21,824 [SpringContextShutdownHook] INFO  com.zaxxer.hikari.HikariDataSource 352 - HikariPool-1 - Shutdown completed.
