2020-03-09 13:25:46,520 [restartedMain] INFO  org.springframework.web.context.ContextLoader 284 - Root WebApplicationContext: initialization completed in 380 ms
2020-03-09 13:25:46,619 [restartedMain] INFO  org.hibernate.jpa.internal.util.LogHelper 31 - HHH000204: Processing PersistenceUnitInfo [name: default]
2020-03-09 13:25:46,622 [restartedMain] INFO  com.zaxxer.hikari.HikariDataSource 110 - HikariPool-11 - Starting...
2020-03-09 13:25:46,632 [restartedMain] INFO  com.zaxxer.hikari.HikariDataSource 123 - HikariPool-11 - Start completed.
2020-03-09 13:25:46,632 [restartedMain] INFO  org.hibernate.dialect.Dialect 172 - HHH000400: Using dialect: org.hibernate.dialect.MySQL8Dialect
2020-03-09 13:25:46,762 [restartedMain] INFO  org.hibernate.engine.transaction.jta.platform.internal.JtaPlatformInitiator 52 - HHH000490: Using JtaPlatform implementation: [org.hibernate.engine.transaction.jta.platform.internal.NoJtaPlatform]
2020-03-09 13:25:46,763 [restartedMain] INFO  org.springframework.orm.jpa.LocalContainerEntityManagerFactoryBean 416 - Initialized JPA EntityManagerFactory for persistence unit 'default'
2020-03-09 13:25:46,826 [restartedMain] WARN  org.springframework.boot.autoconfigure.orm.jpa.JpaBaseConfiguration$JpaWebConfiguration 220 - spring.jpa.open-in-view is enabled by default. Therefore, database queries may be performed during view rendering. Explicitly configure spring.jpa.open-in-view to disable this warning
2020-03-09 13:25:46,870 [restartedMain] INFO  org.springframework.boot.devtools.autoconfigure.OptionalLiveReloadServer 58 - LiveReload server is running on port 35729
2020-03-09 13:25:47,008 [restartedMain] INFO  org.springframework.security.web.DefaultSecurityFilterChain 43 - Creating filter chain: any request, [org.springframework.security.web.context.request.async.WebAsyncManagerIntegrationFilter@782f1ae7, org.springframework.security.web.context.SecurityContextPersistenceFilter@5dc4d82c, org.springframework.security.web.header.HeaderWriterFilter@7a76128d, org.springframework.web.filter.CorsFilter@6ec0cccc, org.springframework.security.web.authentication.logout.LogoutFilter@3996cb19, com.darwin.config.JwtRequestFilter@4da4928, org.springframework.security.web.savedrequest.RequestCacheAwareFilter@52158e44, org.springframework.security.web.servletapi.SecurityContextHolderAwareRequestFilter@1e703fa6, org.springframework.security.web.authentication.AnonymousAuthenticationFilter@18215cc1, org.springframework.security.web.session.SessionManagementFilter@77f5663e, org.springframework.security.web.access.ExceptionTranslationFilter@10f165e9, org.springframework.security.web.access.intercept.FilterSecurityInterceptor@416addc7]
2020-03-09 13:25:47,055 [restartedMain] INFO  org.springframework.scheduling.concurrent.ThreadPoolTaskExecutor 171 - Initializing ExecutorService 'applicationTaskExecutor'
2020-03-09 13:25:47,149 [restartedMain] INFO  org.springframework.boot.actuate.endpoint.web.EndpointLinksResolver 58 - Exposing 2 endpoint(s) beneath base path '/actuator'
2020-03-09 13:25:47,174 [restartedMain] INFO  org.apache.coyote.http11.Http11NioProtocol 173 - Starting ProtocolHandler ["http-nio-8080"]
2020-03-09 13:25:47,177 [restartedMain] INFO  org.springframework.boot.web.embedded.tomcat.TomcatWebServer 204 - Tomcat started on port(s): 8080 (http) with context path ''
2020-03-09 13:25:47,177 [restartedMain] INFO  com.darwin.VotingSystemApplication 61 - Started VotingSystemApplication in 1.058 seconds (JVM running for 7651.845)
2020-03-09 13:25:47,179 [restartedMain] INFO  org.springframework.boot.devtools.autoconfigure.ConditionEvaluationDeltaLoggingListener 63 - Condition evaluation unchanged
2020-03-09 13:25:54,628 [http-nio-8080-exec-1] INFO  org.apache.catalina.core.ContainerBase.[Tomcat].[localhost].[/] 173 - Initializing Spring DispatcherServlet 'dispatcherServlet'
2020-03-09 13:25:54,630 [http-nio-8080-exec-1] INFO  org.springframework.web.servlet.DispatcherServlet 525 - Initializing Servlet 'dispatcherServlet'
2020-03-09 13:25:54,632 [http-nio-8080-exec-1] INFO  org.springframework.web.servlet.DispatcherServlet 547 - Completed initialization in 2 ms
2020-03-09 13:26:16,616 [http-nio-8080-exec-4] INFO  com.darwin.controller.AdminController 96 - Someone Get Admin
2020-03-09 13:26:23,259 [http-nio-8080-exec-10] INFO  com.darwin.controller.AdminController 96 - Someone Get Admin
2020-03-09 13:32:27,293 [http-nio-8080-exec-8] WARN  com.darwin.config.JwtRequestFilter 50 - JWT Token does not begin with Bearer String
2020-03-09 13:32:28,336 [http-nio-8080-exec-2] WARN  com.darwin.config.JwtRequestFilter 50 - JWT Token does not begin with Bearer String
2020-03-09 13:33:20,029 [http-nio-8080-exec-1] WARN  com.darwin.config.JwtRequestFilter 50 - JWT Token does not begin with Bearer String
2020-03-09 13:33:20,153 [http-nio-8080-exec-4] WARN  com.darwin.config.JwtRequestFilter 50 - JWT Token does not begin with Bearer String
2020-03-09 13:33:59,599 [http-nio-8080-exec-7] WARN  org.springframework.web.servlet.mvc.support.DefaultHandlerExceptionResolver 199 - Resolved [org.springframework.http.converter.HttpMessageNotReadableException: JSON parse error: Cannot deserialize value of type `java.util.Date` from String "03/09/2020": not a valid representation (error: Failed to parse Date value '03/09/2020': Cannot parse date "03/09/2020": not compatible with any of standard forms ("yyyy-MM-dd'T'HH:mm:ss.SSSZ", "yyyy-MM-dd'T'HH:mm:ss.SSS", "EEE, dd MMM yyyy HH:mm:ss zzz", "yyyy-MM-dd")); nested exception is com.fasterxml.jackson.databind.exc.InvalidFormatException: Cannot deserialize value of type `java.util.Date` from String "03/09/2020": not a valid representation (error: Failed to parse Date value '03/09/2020': Cannot parse date "03/09/2020": not compatible with any of standard forms ("yyyy-MM-dd'T'HH:mm:ss.SSSZ", "yyyy-MM-dd'T'HH:mm:ss.SSS", "EEE, dd MMM yyyy HH:mm:ss zzz", "yyyy-MM-dd"))
 at [Source: (PushbackInputStream); line: 1, column: 213] (through reference chain: com.darwin.dto.VoterDTO["birthday"])]
